Compiling the C compiler identification source file "CMakeCCompilerId.c" failed.
Compiler: /Applications/Xcode.app/Contents/Developer/Toolchains/XcodeDefault.xctoolchain/usr/bin/cc 
Build flags: 
Id flags:  

The output was:
1
ld: library not found for -lSystem
clang: error: linker command failed with exit code 1 (use -v to see invocation)


Compiling the CXX compiler identification source file "CMakeCXXCompilerId.cpp" failed.
Compiler: /Applications/Xcode.app/Contents/Developer/Toolchains/XcodeDefault.xctoolchain/usr/bin/c++ 
Build flags: 
Id flags:  

The output was:
1
ld: library not found for -lc++
clang: error: linker command failed with exit code 1 (use -v to see invocation)


Checking whether the ASM compiler is GNU using "--version" did not match "(GNU assembler)|(GCC)|(Free Software Foundation)":
Apple clang version 13.1.6 (clang-1316.0.21.2.3)
Target: x86_64-apple-darwin21.5.0
Thread model: posix
InstalledDir: /Applications/Xcode.app/Contents/Developer/Toolchains/XcodeDefault.xctoolchain/usr/bin
Checking whether the ASM_MASM compiler is GNU using "--version" did not match "(GNU assembler)|(GCC)|(Free Software Foundation)":
Checking whether the ASM_MASM compiler is Clang using "--version" did not match "(clang version)":
Checking whether the ASM_MASM compiler is AppleClang using "--version" did not match "(Apple LLVM version)":
Checking whether the ASM_MASM compiler is ARMClang using "--version" did not match "armclang":
Checking whether the ASM_MASM compiler is HP using "-V" did not match "HP C":
Checking whether the ASM_MASM compiler is Intel using "--version" did not match "(ICC)":
Checking whether the ASM_MASM compiler is IntelLLVM using "--version" did not match "(Intel[^
]+oneAPI)":
Checking whether the ASM_MASM compiler is SunPro using "-V" did not match "Sun C":
Checking whether the ASM_MASM compiler is XL using "-qversion" did not match "XL C":
Checking whether the ASM_MASM compiler is MSVC using "-?" did not match "Microsoft":
Checking whether the ASM_MASM compiler is TI using "-h" did not match "Texas Instruments":
Checking whether the ASM_MASM compiler is IAR using "" did not match "IAR Assembler":
Checking whether the ASM_MASM compiler is ARMCC using "" did not match "(ARM Compiler)|(ARM Assembler)":
Checking whether the ASM_MASM compiler is NASM using "-v" did not match "(NASM version)":
Checking whether the ASM_MASM compiler is YASM using "--version" did not match "(yasm)":
Checking whether the ASM_MASM compiler is ADSP using "-version" did not match "Analog Devices":
Checking whether the ASM_MASM compiler is QCC using "-V" did not match "gcc_nto":
